<?xml version="1.0" encoding="UTF-8"?>
<testsuite xmlns:xsi="http://www.w3.org/2001/XMLSchema-instance" xsi:schemaLocation="https://maven.apache.org/surefire/maven-surefire-plugin/xsd/surefire-test-report.xsd" name="com.cucmber.BNTiEditor.RunnerTest" time="720.905" tests="110" errors="0" skipped="0" failures="4">
  <properties>
[...]
</properties>
  <testcase name="Given User selects NXL Editor from New Scientific Name screen" classname="Scenario: Clear Editor on Results Page--Positive Scenario" time="0.008"/>
  <testcase name="Then System clears out" classname="Scenario: Clear Editor on Results Page--Positive Scenario" time="0"/>
  <testcase name="Scenario: Clear Editor on Results Page--Positive Scenario" classname="Scenario: Clear Editor on Results Page--Positive Scenario" time="0.403"/>
  <testcase name="Given when I open browser" classname="| jamie | password |" time="0"/>
  <testcase name="When put in &quot;jamie&quot; and &quot;password&quot;" classname="| jamie | password |" time="0"/>
  <testcase name="Then I should be able to login" classname="| jamie | password |" time="0"/>
  <testcase name="| jamie | password |" classname="| jamie | password |" time="0.214"/>
  <testcase name="Given when I open browser" classname="| Jamie | password |" time="0"/>
  <testcase name="When put in &quot;Jamie&quot; and &quot;password&quot;" classname="| Jamie | password |" time="0"/>
  <testcase name="Then I should not be able to login" classname="| Jamie | password |" time="0.072">
    <failure message="FAIL" type="java.lang.AssertionError">java.lang.AssertionError: FAIL
</failure>
  </testcase>
  <testcase name="| Jamie | password |" classname="| Jamie | password |" time="0.072">
    <failure message="FAIL" type="java.lang.AssertionError">java.lang.AssertionError: FAIL
</failure>
  </testcase>
  <testcase name="Given when I open browser" classname="| jamie | Password |" time="0"/>
  <testcase name="When put in &quot;jamie&quot; and &quot;Password&quot;" classname="| jamie | Password |" time="0"/>
  <testcase name="Then I should not be able to login" classname="| jamie | Password |" time="0"/>
  <testcase name="| jamie | Password |" classname="| jamie | Password |" time="0.21"/>
  <testcase name="Given when I open browser" classname="| Jamie | Password |" time="0"/>
  <testcase name="When put in &quot;Jamie&quot; and &quot;Password&quot;" classname="| Jamie | Password |" time="0"/>
  <testcase name="Then I should not be able to login" classname="| Jamie | Password |" time="0"/>
  <testcase name="| Jamie | Password |" classname="| Jamie | Password |" time="0.147"/>
  <testcase name="Given when I open browser" classname="| Mayur | Thakur |" time="0"/>
  <testcase name="When put in &quot;Mayur&quot; and &quot;Thakur&quot;" classname="| Mayur | Thakur |" time="0"/>
  <testcase name="Then I should not be able to login" classname="| Mayur | Thakur |" time="0"/>
  <testcase name="| Mayur | Thakur |" classname="| Mayur | Thakur |" time="0.544"/>
  <testcase name="Given when I open browser" classname="| Jamie |  |" time="0"/>
  <testcase name="When put in &quot;Jamie&quot; and &quot;&quot;" classname="| Jamie |  |" time="0"/>
  <testcase name="Then I should not be able to login" classname="| Jamie |  |" time="0"/>
  <testcase name="| Jamie |  |" classname="| Jamie |  |" time="0.116"/>
  <testcase name="Given when I open browser" classname="|  | password |" time="0"/>
  <testcase name="When put in &quot;&quot; and &quot;password&quot;" classname="|  | password |" time="0"/>
  <testcase name="Then I should not be able to login" classname="|  | password |" time="0"/>
  <testcase name="|  | password |" classname="|  | password |" time="0.437"/>
  <testcase name="Given when I open browser" classname="| * | * |" time="0"/>
  <testcase name="When put in &quot;*&quot; and &quot;*&quot;" classname="| * | * |" time="0.001"/>
  <testcase name="Then I should not be able to login" classname="| * | * |" time="0"/>
  <testcase name="| * | * |" classname="| * | * |" time="0.666"/>
  <testcase name="Given The values &quot;Mayur  Thakur&quot;, &quot;MT21&quot;" classname="| Mayur  Thakur | MT21 |" time="0"/>
  <testcase name="When I click on save author" classname="| Mayur  Thakur | MT21 |" time="0"/>
  <testcase name="Then Author &quot;MT21&quot; is added to the database" classname="| Mayur  Thakur | MT21 |" time="0"/>
  <testcase name="| Mayur  Thakur | MT21 |" classname="| Mayur  Thakur | MT21 |" time="0.347"/>
  <testcase name="Given Searching  a  new Reference test with &quot;Acacia mayur1&quot;" classname="| Acacia mayur1 | Mayur | autonym | 19 |" time="0"/>
  <testcase name="And The values	&quot;Mayur&quot;,&quot;autonym&quot;,&quot;19&quot;" classname="| Acacia mayur1 | Mayur | autonym | 19 |" time="0"/>
  <testcase name="When I click on create instance" classname="| Acacia mayur1 | Mayur | autonym | 19 |" time="0"/>
  <testcase name="Then Instance is created" classname="| Acacia mayur1 | Mayur | autonym | 19 |" time="0"/>
  <testcase name="And Show instances for name button is displayed" classname="| Acacia mayur1 | Mayur | autonym | 19 |" time="0"/>
  <testcase name="| Acacia mayur1 | Mayur | autonym | 19 |" classname="| Acacia mayur1 | Mayur | autonym | 19 |" time="0.384"/>
  <testcase name="Given The values &quot;common&quot;,&quot;[n/a]&quot;,&quot;MAYURTEST30&quot;" classname="| common | [n/a] | MAYURTEST30 |" time="0"/>
  <testcase name="When I click on save Other Name" classname="| common | [n/a] | MAYURTEST30 |" time="0"/>
  <testcase name="Then Other &quot;MAYURTEST30&quot; is added to database" classname="| common | [n/a] | MAYURTEST30 |" time="0"/>
  <testcase name="| common | [n/a] | MAYURTEST30 |" classname="| common | [n/a] | MAYURTEST30 |" time="0.489"/>
  <testcase name="Given The values at &quot;phrase name&quot;, &quot;Subtribus&quot;, &quot;[n/a]&quot;, &quot;Acanthaceae&quot;, &quot;my4&quot;, &quot;mo&quot;" classname="| phrase name | Subtribus | [n/a] | Acanthaceae | my4 | mo |" time="0"/>
  <testcase name="When I click on save phrase Name" classname="| phrase name | Subtribus | [n/a] | Acanthaceae | my4 | mo |" time="0.001"/>
  <testcase name="Then Phrase &quot;my4&quot; is added to database" classname="| phrase name | Subtribus | [n/a] | Acanthaceae | my4 | mo |" time="0"/>
  <testcase name="| phrase name | Subtribus | [n/a] | Acanthaceae | my4 | mo |" classname="| phrase name | Subtribus | [n/a] | Acanthaceae | my4 | mo |" time="0.169"/>
  <testcase name="Given The values &quot;Book&quot;, &quot;Mayur12&quot;,&quot;Yes&quot;,&quot;Author&quot;,&quot;Author&quot;" classname="| Book | Mayur12 | Yes | Dombrain | Author |" time="0"/>
  <testcase name="When I click on save reference" classname="| Book | Mayur12 | Yes | Dombrain | Author |" time="0"/>
  <testcase name="Then Reference  &quot;Mayur12&quot; is added to the database" classname="| Book | Mayur12 | Yes | Dombrain | Author |" time="0"/>
  <testcase name="| Book | Mayur12 | Yes | Dombrain | Author |" classname="| Book | Mayur12 | Yes | Dombrain | Author |" time="0.303"/>
  <testcase name="Given The values &quot;Book&quot;, &quot;Mayur14&quot;,&quot;No&quot;,&quot;Author&quot;,&quot;Unknown&quot;" classname="| Book | Mayur14 | No | Dombrain | Unknown |" time="0"/>
  <testcase name="When I click on save reference" classname="| Book | Mayur14 | No | Dombrain | Unknown |" time="0"/>
  <testcase name="Then Reference  &quot;Mayur14&quot; is added to the database" classname="| Book | Mayur14 | No | Dombrain | Unknown |" time="0"/>
  <testcase name="| Book | Mayur14 | No | Dombrain | Unknown |" classname="| Book | Mayur14 | No | Dombrain | Unknown |" time="0.697"/>
  <testcase name="Given The values &quot;autonym&quot;,&quot;Regio&quot;, &quot;legitimate&quot;, &quot;acacia&quot;, &quot;testparent2&quot;, &quot;Doepel&quot;" classname="| autonym | Regio | legitimate | acacia | testparent2 | Doepel |" time="0"/>
  <testcase name="When I click on save" classname="| autonym | Regio | legitimate | acacia | testparent2 | Doepel |" time="0"/>
  <testcase name="Then New Scientific Name is &quot;testparent2&quot; is added to database" classname="| autonym | Regio | legitimate | acacia | testparent2 | Doepel |" time="0.007"/>
  <testcase name="| autonym | Regio | legitimate | acacia | testparent2 | Doepel |" classname="| autonym | Regio | legitimate | acacia | testparent2 | Doepel |" time="0.195"/>
  <testcase name="Given The User is logged in" classname="|  |" time="0.001"/>
  <testcase name="Given The User is logged in" classname="|  |" time="0"/>
  <testcase name="Given The User is logged in" classname="|  |" time="0"/>
  <testcase name="When User selects Authors from search criterion picklist and enters &quot;&quot;" classname="|  |" time="0"/>
  <testcase name="And clicks on search" classname="|  |" time="0"/>
  <testcase name="And clicks on search" classname="|  |" time="0"/>
  <testcase name="And clicks on search" classname="|  |" time="0"/>
  <testcase name="Then System responds with callout from search box reading Please fill out this field" classname="|  |" time="0"/>
  <testcase name="Then System responds with callout from search box reading Please fill out this field" classname="|  |" time="0"/>
  <testcase name="Then System responds with callout from search box reading Please fill out this field" classname="|  |" time="0"/>
  <testcase name="|  |" classname="|  |" time="0.272"/>
  <testcase name="|  |" classname="|  |" time="0.128"/>
  <testcase name="|  |" classname="|  |" time="0.428"/>
  <testcase name="Given The User is logged in" classname="| Mayur |" time="0"/>
  <testcase name="Given The User is logged in" classname="| Mayur |" time="0"/>
  <testcase name="Given The User is logged in" classname="| Mayur |" time="0"/>
  <testcase name="When User selects Authors from search criterion picklist and enters &quot;Mayur&quot;" classname="| Mayur |" time="0"/>
  <testcase name="And clicks on search" classname="| Mayur |" time="0"/>
  <testcase name="And clicks on search" classname="| Mayur |" time="0"/>
  <testcase name="And clicks on search" classname="| Mayur |" time="0"/>
  <testcase name="Then System responds with results of &quot;Mayur&quot;" classname="| Mayur |" time="0"/>
  <testcase name="Then System responds with results of &quot;Mayur&quot;" classname="| Mayur |" time="0"/>
  <testcase name="Then System responds with results of &quot;Mayur&quot;" classname="| Mayur |" time="0"/>
  <testcase name="| Mayur |" classname="| Mayur |" time="0.655"/>
  <testcase name="| Mayur |" classname="| Mayur |" time="0.301"/>
  <testcase name="| Mayur |" classname="| Mayur |" time="1.294"/>
  <testcase name="Given The User is logged in" classname="| * |" time="0.001"/>
  <testcase name="Given The User is logged in" classname="| * |" time="0"/>
  <testcase name="Given The User is logged in" classname="| * |" time="0"/>
  <testcase name="When User selects Authors from search criterion picklist and enters &quot;*&quot;" classname="| * |" time="0"/>
  <testcase name="And clicks on search" classname="| * |" time="0"/>
  <testcase name="And clicks on search" classname="| * |" time="0"/>
  <testcase name="And clicks on search" classname="| * |" time="0"/>
  <testcase name="Then System responds with results of all &quot;*&quot;" classname="| * |" time="0"/>
  <testcase name="Then System responds with results of all &quot;*&quot;" classname="| * |" time="0.001">
    <failure type="java.lang.AssertionError">java.lang.AssertionError
</failure>
    <system-out><![CDATA[testname     Common/Cultivars  |  No records found.   |   References "*"
resulttrue
]]></system-out>
  </testcase>
  <testcase name="Then System responds with results of all &quot;*&quot;" classname="| * |" time="0"/>
  <testcase name="| * |" classname="| * |" time="0.446"/>
  <testcase name="| * |" classname="| * |" time="0.001">
    <failure type="java.lang.AssertionError">java.lang.AssertionError
</failure>
  </testcase>
  <testcase name="| * |" classname="| * |" time="0.234"/>
  <testcase name="When User selects References from search criterion picklist and enters &quot;&quot;" classname="|  |" time="0"/>
  <testcase name="When User selects References from search criterion picklist and enters &quot;Mayur&quot;" classname="| Mayur |" time="0"/>
  <testcase name="When User selects References from search criterion picklist and enters &quot;*&quot;" classname="| * |" time="0"/>
  <testcase name="When User selects Names from search criterion picklist and enters &quot;&quot;" classname="|  |" time="0"/>
  <testcase name="When User selects Names from search criterion picklist and enters &quot;Mayur&quot;" classname="| Mayur |" time="0"/>
  <testcase name="When User selects Names from search criterion picklist and enters &quot;*&quot;" classname="| * |" time="0"/>
</testsuite>